<?xml version="1.0" encoding="UTF-8"?>
<testsuite name="kr.ac.jejunu.UserDaoTests" tests="4" skipped="0" failures="0" errors="0" timestamp="2022-04-01T09:17:07" hostname="DESKTOP-U8J3IR3" time="1.335">
  <properties/>
  <testcase name="delete()" classname="kr.ac.jejunu.UserDaoTests" time="0.838"/>
  <testcase name="insert()" classname="kr.ac.jejunu.UserDaoTests" time="0.241"/>
  <testcase name="update()" classname="kr.ac.jejunu.UserDaoTests" time="0.168"/>
  <testcase name="findById()" classname="kr.ac.jejunu.UserDaoTests" time="0.084"/>
  <system-out><![CDATA[]]></system-out>
  <system-err><![CDATA[]]></system-err>
</testsuite>
