<?xml version="1.0" encoding="UTF-8"?>
<testsuite name="kr.ac.jejunu.UserDaoTests" tests="4" skipped="0" failures="0" errors="0" timestamp="2022-04-08T08:14:26" hostname="DESKTOP-U8J3IR3" time="1.735">
  <properties/>
  <testcase name="delete()" classname="kr.ac.jejunu.UserDaoTests" time="1.268"/>
  <testcase name="insert()" classname="kr.ac.jejunu.UserDaoTests" time="0.209"/>
  <testcase name="update()" classname="kr.ac.jejunu.UserDaoTests" time="0.193"/>
  <testcase name="findById()" classname="kr.ac.jejunu.UserDaoTests" time="0.059"/>
  <system-out><![CDATA[]]></system-out>
  <system-err><![CDATA[]]></system-err>
</testsuite>
