<?xml version="1.0" encoding="UTF-8"?>
<testsuite name="kr.ac.jejunu.UserDaoTests" tests="4" skipped="0" failures="0" errors="0" timestamp="2022-03-25T08:20:09" hostname="DESKTOP-U8J3IR3" time="1.372">
  <properties/>
  <testcase name="insert()" classname="kr.ac.jejunu.UserDaoTests" time="1.154"/>
  <testcase name="findById()" classname="kr.ac.jejunu.UserDaoTests" time="0.054"/>
  <testcase name="findByIdForHalla()" classname="kr.ac.jejunu.UserDaoTests" time="0.05"/>
  <testcase name="insertForHalla()" classname="kr.ac.jejunu.UserDaoTests" time="0.108"/>
  <system-out><![CDATA[]]></system-out>
  <system-err><![CDATA[]]></system-err>
</testsuite>
